<?xml version="1.0" encoding="UTF-8"?>
<!-- Generated by org.testng.reporters.JUnitXMLReporter -->
<testsuite ignored="0" hostname="IVAR" failures="3" tests="7" name="BankingApp Test" time="62.451" errors="0" timestamp="2021-08-10T11:37:11 IST">
  <testcase classname="com.inetBanking.testCases.TC_LoginTest_001" name="loginTest" time="2.394"/>
  <testcase classname="com.inetBanking.testCases.TC_LoginDDT_002" name="LoginDDT" time="8.923"/>
  <testcase classname="com.inetBanking.testCases.TC_LoginDDT_002" name="LoginDDT" time="5.233">
    <failure type="junit.framework.AssertionFailedError">
      <![CDATA[junit.framework.AssertionFailedError
at junit.framework.Assert.fail(Assert.java:47)
at junit.framework.Assert.assertTrue(Assert.java:20)
at junit.framework.Assert.assertTrue(Assert.java:27)
at com.inetBanking.testCases.TC_LoginDDT_002.LoginDDT(TC_LoginDDT_002.java:36)
at java.base/java.util.ArrayList.forEach(ArrayList.java:1511)
... Removed 30 stack frames]]>
    </failure>
  </testcase> <!-- LoginDDT -->
  <testcase classname="com.inetBanking.testCases.TC_LoginDDT_002" name="LoginDDT" time="5.239">
    <failure type="junit.framework.AssertionFailedError">
      <![CDATA[junit.framework.AssertionFailedError
at junit.framework.Assert.fail(Assert.java:47)
at junit.framework.Assert.assertTrue(Assert.java:20)
at junit.framework.Assert.assertTrue(Assert.java:27)
at com.inetBanking.testCases.TC_LoginDDT_002.LoginDDT(TC_LoginDDT_002.java:36)
at java.base/java.util.ArrayList.forEach(ArrayList.java:1511)
... Removed 30 stack frames]]>
    </failure>
  </testcase> <!-- LoginDDT -->
  <testcase classname="com.inetBanking.testCases.TC_LoginDDT_002" name="LoginDDT" time="10.941"/>
  <testcase classname="com.inetBanking.testCases.TC_LoginDDT_002" name="LoginDDT" time="4.95">
    <failure type="junit.framework.AssertionFailedError">
      <![CDATA[junit.framework.AssertionFailedError
at junit.framework.Assert.fail(Assert.java:47)
at junit.framework.Assert.assertTrue(Assert.java:20)
at junit.framework.Assert.assertTrue(Assert.java:27)
at com.inetBanking.testCases.TC_LoginDDT_002.LoginDDT(TC_LoginDDT_002.java:36)
at java.base/java.util.ArrayList.forEach(ArrayList.java:1511)
... Removed 30 stack frames]]>
    </failure>
  </testcase> <!-- LoginDDT -->
  <testcase classname="com.inetBanking.testCases.TC_AddCustomerTest_003" name="addNewCustomer" time="6.976"/>
</testsuite> <!-- BankingApp Test -->
